2025-05-23 16:26:02,065 - backend - INFO - Generated GraphQL mutation files
2025-05-23 16:26:02,076 - backend - INFO - Processed CSV data successfully
2025-05-23 16:26:15,927 - backend - INFO - Operation COMPLETED
2025-05-23 16:26:31,389 - backend - INFO - Operation COMPLETED
2025-05-23 16:26:32,480 - backend - WARNING - Inventory batch had 100 errors
2025-05-23 16:26:34,012 - backend - WARNING - Inventory batch had 10 errors
2025-05-23 16:28:41,746 - backend - INFO - Generated GraphQL mutation files
2025-05-23 16:28:41,755 - backend - INFO - Processed CSV data successfully
2025-05-23 16:29:01,179 - backend - INFO - Operation COMPLETED
2025-05-23 16:29:16,829 - backend - INFO - Operation COMPLETED
2025-05-23 16:29:19,367 - backend - ERROR - Inventory batch 0 failed with errors
2025-05-23 16:29:20,874 - backend - ERROR - Inventory batch 1 failed with errors
2025-05-23 16:34:59,640 - backend - INFO - Generated GraphQL mutation files
2025-05-23 16:34:59,653 - backend - INFO - Processed CSV data successfully
2025-05-23 16:35:13,489 - backend - INFO - Operation COMPLETED
2025-05-23 16:35:29,244 - backend - INFO - Operation COMPLETED
2025-05-23 16:35:31,958 - backend - INFO - Successfully processed inventory batch of 100 items
2025-05-23 16:35:33,567 - backend - INFO - Successfully processed inventory batch of 10 items
2025-05-23 16:53:02,087 - backend - INFO - Generated GraphQL mutation files
2025-05-23 16:53:02,098 - backend - INFO - Processed CSV data successfully
2025-05-23 16:53:16,115 - backend - INFO - Operation COMPLETED
2025-05-23 16:53:30,560 - backend - INFO - Operation COMPLETED
2025-05-23 16:53:31,731 - backend - INFO - Successfully processed inventory batch of 100 items
2025-05-23 16:53:33,338 - backend - INFO - Successfully processed inventory batch of 10 items
